  main.cpp
C:\Users\paulc\source\repos\PrimeNumbers\GlobalHeaders\prime_functions.h(39,24): warning C4244: 'initializing': conversion from 'double' to 'unsigned int', possible loss of data
C:\Users\paulc\source\repos\PrimeNumbers\GlobalHeaders\prime_functions.h(40,42): warning C4267: 'initializing': conversion from 'size_t' to 'unsigned int', possible loss of data
C:\Users\paulc\source\repos\PrimeNumbers\Solutions\Sequential\main.cpp(34,31): warning C4305: '=': truncation from '__int64' to 'unsigned int'
C:\Users\paulc\source\repos\PrimeNumbers\Solutions\Sequential\main.cpp(34,19): warning C4309: '=': truncation of constant value
C:\Users\paulc\source\repos\PrimeNumbers\GlobalHeaders\benchmark.h(21,21): warning C4244: 'initializing': conversion from '_Rep' to 'double', possible loss of data
          with
          [
              _Rep=__int64
          ]
C:\Users\paulc\source\repos\PrimeNumbers\Solutions\Sequential\main.cpp(32): message : see reference to function template instantiation 'double timeFuncInvocation<std::vector<unsigned int,std::allocator<unsigned int>>(__cdecl *)(unsigned int,unsigned int),unsigned int,unsigned int>(unsigned int,FUNCTION,unsigned int,unsigned int)' being compiled
          with
          [
              FUNCTION=std::vector<unsigned int,std::allocator<unsigned int>> (__cdecl *)(unsigned int,unsigned int)
          ]
  Generating code
  Previous IPDB not found, fall back to full compilation.
  All 868 functions were compiled because no usable IPDB/IOBJ from previous compilation was found.
  Finished generating code
  Sequential.vcxproj -> C:\Users\paulc\source\repos\PrimeNumbers\Solutions\Sequential\x64\Release\Sequential.exe
